{"numTotalTestSuites":26,"numPassedTestSuites":22,"numFailedTestSuites":4,"numPendingTestSuites":0,"numTotalTests":21,"numPassedTests":19,"numFailedTests":2,"numPendingTests":0,"numTodoTests":0,"snapshot":{"added":0,"failure":false,"filesAdded":0,"filesRemoved":0,"filesRemovedList":[],"filesUnmatched":0,"filesUpdated":0,"matched":0,"total":0,"unchecked":0,"uncheckedKeysByFile":[],"unmatched":0,"updated":0,"didUpdate":false},"startTime":1773582624239,"success":false,"testResults":[{"assertionResults":[{"ancestorTitles":["index bootstrap integration"],"fullName":"index bootstrap integration mounts application tree with createRoot","status":"failed","title":"mounts application tree with createRoot","duration":32537.6762,"failureMessages":["Error: Test timed out in 20000ms.\nIf this is a long-running test, pass a timeout value as the last argument or configure it globally with \"testTimeout\".\n    at Timeout.<anonymous> (file:///D:/MyApps/Basic_ToDo_App-Node_Express_React_PostgreSql_Docker_Swagger/client/node_modules/@vitest/runner/dist/index.js:44:18)\n    at listOnTimeout (node:internal/timers:588:17)\n    at processTimers (node:internal/timers:523:7)"],"meta":{}}],"startTime":1773583209512,"endTime":1773583242049.6763,"status":"failed","message":"","name":"D:/MyApps/Basic_ToDo_App-Node_Express_React_PostgreSql_Docker_Swagger/client/test/integration/app/bootstrap-index.integration.test.tsx"},{"assertionResults":[{"ancestorTitles":["AuthContext integration"],"fullName":"AuthContext integration hydrates and updates auth state via provider actions","status":"passed","title":"hydrates and updates auth state via provider actions","duration":686.7770999999993,"failureMessages":[],"meta":{}}],"startTime":1773583071123,"endTime":1773583071809.777,"status":"passed","message":"","name":"D:/MyApps/Basic_ToDo_App-Node_Express_React_PostgreSql_Docker_Swagger/client/test/integration/context/auth-context.integration.test.tsx"},{"assertionResults":[{"ancestorTitles":["useExport integration"],"fullName":"useExport integration exports csv and json by triggering download flow","status":"failed","title":"exports csv and json by triggering download flow","duration":14.518499999998312,"failureMessages":["Error: createObjectURL does not exist\n    at d (file:///D:/MyApps/Basic_ToDo_App-Node_Express_React_PostgreSql_Docker_Swagger/client/node_modules/tinyspy/dist/index.js:4:11)\n    at Module.C (file:///D:/MyApps/Basic_ToDo_App-Node_Express_React_PostgreSql_Docker_Swagger/client/node_modules/tinyspy/dist/index.js:105:3)\n    at Object.spyOn (file:///D:/MyApps/Basic_ToDo_App-Node_Express_React_PostgreSql_Docker_Swagger/client/node_modules/@vitest/spy/dist/index.js:13:24)\n    at D:\\MyApps\\Basic_ToDo_App-Node_Express_React_PostgreSql_Docker_Swagger\\client\\test\\integration\\hooks\\use-export.integration.test.tsx:18:8\n    at file:///D:/MyApps/Basic_ToDo_App-Node_Express_React_PostgreSql_Docker_Swagger/client/node_modules/@vitest/runner/dist/index.js:146:14\n    at runWithTimeout (file:///D:/MyApps/Basic_ToDo_App-Node_Express_React_PostgreSql_Docker_Swagger/client/node_modules/@vitest/runner/dist/index.js:39:7)\n    at callSuiteHook (file:///D:/MyApps/Basic_ToDo_App-Node_Express_React_PostgreSql_Docker_Swagger/client/node_modules/@vitest/runner/dist/index.js:964:28)\n    at processTicksAndRejections (node:internal/process/task_queues:105:5)\n    at runTest (file:///D:/MyApps/Basic_ToDo_App-Node_Express_React_PostgreSql_Docker_Swagger/client/node_modules/@vitest/runner/dist/index.js:1040:30)\n    at runSuite (file:///D:/MyApps/Basic_ToDo_App-Node_Express_React_PostgreSql_Docker_Swagger/client/node_modules/@vitest/runner/dist/index.js:1205:15)"],"meta":{}}],"startTime":1773583110738,"endTime":1773583110752.5186,"status":"failed","message":"","name":"D:/MyApps/Basic_ToDo_App-Node_Express_React_PostgreSql_Docker_Swagger/client/test/integration/hooks/use-export.integration.test.tsx"},{"assertionResults":[{"ancestorTitles":["useTasks hooks integration"],"fullName":"useTasks hooks integration resolves query hooks and mutation hooks","status":"passed","title":"resolves query hooks and mutation hooks","duration":800.4732000000004,"failureMessages":[],"meta":{}}],"startTime":1773582675479,"endTime":1773582676279.4731,"status":"passed","message":"","name":"D:/MyApps/Basic_ToDo_App-Node_Express_React_PostgreSql_Docker_Swagger/client/test/integration/hooks/use-tasks.integration.test.tsx"},{"assertionResults":[{"ancestorTitles":["Dashboard integration"],"fullName":"Dashboard integration renders dashboard composition and stats","status":"passed","title":"renders dashboard composition and stats","duration":3422.432099999991,"failureMessages":[],"meta":{}}],"startTime":1773583178169,"endTime":1773583181591.4321,"status":"passed","message":"","name":"D:/MyApps/Basic_ToDo_App-Node_Express_React_PostgreSql_Docker_Swagger/client/test/integration/pages/dashboard.integration.test.tsx"},{"assertionResults":[{"ancestorTitles":["ManageTodos integration"],"fullName":"ManageTodos integration renders page level task management flow shell","status":"passed","title":"renders page level task management flow shell","duration":1614.1940999999933,"failureMessages":[],"meta":{}}],"startTime":1773583217179,"endTime":1773583218793.194,"status":"passed","message":"","name":"D:/MyApps/Basic_ToDo_App-Node_Express_React_PostgreSql_Docker_Swagger/client/test/integration/pages/manage-todos.integration.test.tsx"},{"assertionResults":[{"ancestorTitles":["authService integration"],"fullName":"authService integration calls auth endpoints and localStorage helpers","status":"passed","title":"calls auth endpoints and localStorage helpers","duration":11.600300000000061,"failureMessages":[],"meta":{}}],"startTime":1773583070812,"endTime":1773583070823.6003,"status":"passed","message":"","name":"D:/MyApps/Basic_ToDo_App-Node_Express_React_PostgreSql_Docker_Swagger/client/test/integration/services/auth.service.integration.test.ts"},{"assertionResults":[{"ancestorTitles":["dashboardService integration"],"fullName":"dashboardService integration fetches summary and chart datasets","status":"passed","title":"fetches summary and chart datasets","duration":8.503700000001118,"failureMessages":[],"meta":{}}],"startTime":1773583088580,"endTime":1773583088588.5037,"status":"passed","message":"","name":"D:/MyApps/Basic_ToDo_App-Node_Express_React_PostgreSql_Docker_Swagger/client/test/integration/services/dashboard.service.integration.test.ts"},{"assertionResults":[{"ancestorTitles":["taskService integration"],"fullName":"taskService integration handles query and CRUD/export operations","status":"passed","title":"handles query and CRUD/export operations","duration":19.476300000002084,"failureMessages":[],"meta":{}}],"startTime":1773582708929,"endTime":1773582708948.4763,"status":"passed","message":"","name":"D:/MyApps/Basic_ToDo_App-Node_Express_React_PostgreSql_Docker_Swagger/client/test/integration/services/task.service.integration.test.ts"},{"assertionResults":[{"ancestorTitles":["dashboard components unit"],"fullName":"dashboard components unit renders CreateTaskForm and triggers callbacks","status":"passed","title":"renders CreateTaskForm and triggers callbacks","duration":2791.7399999999907,"failureMessages":[],"meta":{}},{"ancestorTitles":["dashboard components unit"],"fullName":"dashboard components unit renders stat cards variants","status":"passed","title":"renders stat cards variants","duration":310.59580000001006,"failureMessages":[],"meta":{}},{"ancestorTitles":["dashboard components unit"],"fullName":"dashboard components unit renders recent tasks and no-data state","status":"passed","title":"renders recent tasks and no-data state","duration":704.1517999999924,"failureMessages":[],"meta":{}},{"ancestorTitles":["dashboard components unit"],"fullName":"dashboard components unit renders chart wrappers and welcome message","status":"passed","title":"renders chart wrappers and welcome message","duration":226.52429999999003,"failureMessages":[],"meta":{}}],"startTime":1773583093394,"endTime":1773583097427.5244,"status":"passed","message":"","name":"D:/MyApps/Basic_ToDo_App-Node_Express_React_PostgreSql_Docker_Swagger/client/test/unit/components/dashboard.components.unit.test.tsx"},{"assertionResults":[{"ancestorTitles":["profile components unit"],"fullName":"profile components unit renders ProfileCard identity details","status":"passed","title":"renders ProfileCard identity details","duration":393.5802000000258,"failureMessages":[],"meta":{}},{"ancestorTitles":["profile components unit"],"fullName":"profile components unit renders ProfileForm and handles submit","status":"passed","title":"renders ProfileForm and handles submit","duration":2479.902999999991,"failureMessages":[],"meta":{}},{"ancestorTitles":["profile components unit"],"fullName":"profile components unit renders PasswordChangeForm and handles submit","status":"passed","title":"renders PasswordChangeForm and handles submit","duration":607.11870000005,"failureMessages":[],"meta":{}}],"startTime":1773583051546,"endTime":1773583055027.1187,"status":"passed","message":"","name":"D:/MyApps/Basic_ToDo_App-Node_Express_React_PostgreSql_Docker_Swagger/client/test/unit/components/profile.components.unit.test.tsx"},{"assertionResults":[{"ancestorTitles":["template components unit"],"fullName":"template components unit renders app layout header metadata","status":"passed","title":"renders app layout header metadata","duration":1250.0011999999988,"failureMessages":[],"meta":{}},{"ancestorTitles":["template components unit"],"fullName":"template components unit renders app layout shell with children","status":"passed","title":"renders app layout shell with children","duration":2413.1622999999963,"failureMessages":[],"meta":{}}],"startTime":1773583212539,"endTime":1773583216203.1624,"status":"passed","message":"","name":"D:/MyApps/Basic_ToDo_App-Node_Express_React_PostgreSql_Docker_Swagger/client/test/unit/components/templates.components.unit.test.tsx"},{"assertionResults":[{"ancestorTitles":["todo components unit"],"fullName":"todo components unit renders TaskFilters and notifies filter changes","status":"passed","title":"renders TaskFilters and notifies filter changes","duration":2506.376799999969,"failureMessages":[],"meta":{}},{"ancestorTitles":["todo components unit"],"fullName":"todo components unit renders TaskEditDialog and handles actions","status":"passed","title":"renders TaskEditDialog and handles actions","duration":1549.8854999999749,"failureMessages":[],"meta":{}},{"ancestorTitles":["todo components unit"],"fullName":"todo components unit renders TaskTable and grid shell","status":"passed","title":"renders TaskTable and grid shell","duration":16.194199999968987,"failureMessages":[],"meta":{}}],"startTime":1773583051323,"endTime":1773583055396.194,"status":"passed","message":"","name":"D:/MyApps/Basic_ToDo_App-Node_Express_React_PostgreSql_Docker_Swagger/client/test/unit/components/todos.components.unit.test.tsx"}]}