{"numTotalTestSuites":8,"numPassedTestSuites":6,"numFailedTestSuites":2,"numPendingTestSuites":0,"numTotalTests":9,"numPassedTests":8,"numFailedTests":1,"numPendingTests":0,"numTodoTests":0,"snapshot":{"added":0,"failure":false,"filesAdded":0,"filesRemoved":0,"filesRemovedList":[],"filesUnmatched":0,"filesUpdated":0,"matched":0,"total":0,"unchecked":0,"uncheckedKeysByFile":[],"unmatched":0,"updated":0,"didUpdate":false},"startTime":1773582501576,"success":false,"testResults":[{"assertionResults":[{"ancestorTitles":["index bootstrap integration"],"fullName":"index bootstrap integration mounts application tree with createRoot","status":"failed","title":"mounts application tree with createRoot","duration":28555.986999999997,"failureMessages":["Error: Test timed out in 20000ms.\nIf this is a long-running test, pass a timeout value as the last argument or configure it globally with \"testTimeout\".\n    at Timeout.<anonymous> (file:///D:/MyApps/Basic_ToDo_App-Node_Express_React_PostgreSql_Docker_Swagger/client/node_modules/@vitest/runner/dist/index.js:44:18)\n    at listOnTimeout (node:internal/timers:588:17)\n    at processTimers (node:internal/timers:523:7)"],"meta":{}}],"startTime":1773582982888,"endTime":1773583011443.987,"status":"failed","message":"","name":"D:/MyApps/Basic_ToDo_App-Node_Express_React_PostgreSql_Docker_Swagger/client/test/integration/app/bootstrap-index.integration.test.tsx"},{"assertionResults":[{"ancestorTitles":["Dashboard integration"],"fullName":"Dashboard integration renders dashboard composition and stats","status":"passed","title":"renders dashboard composition and stats","duration":2131.66320000001,"failureMessages":[],"meta":{}}],"startTime":1773582974667,"endTime":1773582976798.663,"status":"passed","message":"","name":"D:/MyApps/Basic_ToDo_App-Node_Express_React_PostgreSql_Docker_Swagger/client/test/integration/pages/dashboard.integration.test.tsx"},{"assertionResults":[{"ancestorTitles":["dashboard components unit"],"fullName":"dashboard components unit renders CreateTaskForm and triggers callbacks","status":"passed","title":"renders CreateTaskForm and triggers callbacks","duration":1808.6574000000255,"failureMessages":[],"meta":{}},{"ancestorTitles":["dashboard components unit"],"fullName":"dashboard components unit renders stat cards variants","status":"passed","title":"renders stat cards variants","duration":332.79450000001816,"failureMessages":[],"meta":{}},{"ancestorTitles":["dashboard components unit"],"fullName":"dashboard components unit renders recent tasks and no-data state","status":"passed","title":"renders recent tasks and no-data state","duration":190.4049000000232,"failureMessages":[],"meta":{}},{"ancestorTitles":["dashboard components unit"],"fullName":"dashboard components unit renders chart wrappers and welcome message","status":"passed","title":"renders chart wrappers and welcome message","duration":43.13400000002002,"failureMessages":[],"meta":{}}],"startTime":1773582991965,"endTime":1773582994340.134,"status":"passed","message":"","name":"D:/MyApps/Basic_ToDo_App-Node_Express_React_PostgreSql_Docker_Swagger/client/test/unit/components/dashboard.components.unit.test.tsx"},{"assertionResults":[{"ancestorTitles":["profile components unit"],"fullName":"profile components unit renders ProfileCard identity details","status":"passed","title":"renders ProfileCard identity details","duration":315.9004999999888,"failureMessages":[],"meta":{}},{"ancestorTitles":["profile components unit"],"fullName":"profile components unit renders ProfileForm and handles submit","status":"passed","title":"renders ProfileForm and handles submit","duration":1625.0091000000248,"failureMessages":[],"meta":{}},{"ancestorTitles":["profile components unit"],"fullName":"profile components unit renders PasswordChangeForm and handles submit","status":"passed","title":"renders PasswordChangeForm and handles submit","duration":484.163899999985,"failureMessages":[],"meta":{}}],"startTime":1773582968466,"endTime":1773582970891.1638,"status":"passed","message":"","name":"D:/MyApps/Basic_ToDo_App-Node_Express_React_PostgreSql_Docker_Swagger/client/test/unit/components/profile.components.unit.test.tsx"}]}